18-08-28 10:20:28 Error when downloading file: CBSL/DMS/PurchaseIndentForm/Purchase_request_15354317991.pdf => ../temp/3/manendra/Purchaserequest15354317991pdf.pdf
18-08-28 10:20:32 Error when downloading file: CBSL/DMS/PurchaseIndentForm/Purchase_request_15354317991.pdf => temp/3/manendra/Purchaserequest15354317991pdf.pdf
18-08-28 10:35:22 Error when downloading file: CBSL/DMS/PurchaseIndentForm/Purchase_request_15354322581.pdf => temp/3/manendra/Purchaserequest15354322581pdf.pdf
18-09-01 16:26:49 Error when downloading file: CBSL/DMS/Mani/_1.pdf => ../temp/60/Mani/CF6015314775391pdf.pdf
18-09-01 16:26:57 Error when downloading file: CBSL/DMS/Mani/_1.pdf => ../temp/60/Mani/CF6015314768011pdf.pdf
18-09-04 09:58:20 Error when downloading file: CBSL/DMS/Mani/1536035072c2FtcGxl.xls => temp/60/Mani/samplexls.xls
18-09-04 10:02:15 Error when downloading file: CBSL/DMS/Mani/1536035072c2FtcGxl.xls => temp/60/Mani/samplexls.xls
18-09-04 10:03:04 Error when downloading file: CBSL/DMS/Mani/1536035072c2FtcGxl.xls => temp/60/Mani/samplexls.xls
18-09-04 17:48:42 Error when downloading file: CBSL/DMS/PHPTEST/1536061831VHVsaXBz.jpg => extract-here/PHPTEST/1536061831VHVsaXBz.jpg
18-09-04 17:51:33 Error when downloading file: CBSL/DMS/PHPTEST/1536061831VHVsaXBz.jpg => extract-here/PHPTEST/1536061831VHVsaXBz.jpg
18-09-04 17:55:12 Error when downloading file: CBSL/DMS/PHPTEST/1536061831VHVsaXBz.jpg => extract-here/PHPTEST/1536061831VHVsaXBz.jpg
18-09-04 17:58:38 Error when downloading file: CBSL/DMS/PHPTEST/1536061831VHVsaXBz.jpg => extract-here/PHPTEST/1536061831VHVsaXBz.jpg
18-09-04 18:00:38 Error when downloading file: CBSL/DMS/PHPTEST/1536064184SHlkcmFuZ2Vhcw3D3D.jpg => extract-here/PHPTEST/1536064184SHlkcmFuZ2Vhcw3D3D.jpg
18-09-04 18:01:12 Error when downloading file: CBSL/DMS/PHPTEST/1536064184SHlkcmFuZ2Vhcw3D3D.jpg => temp/60/PHPTEST/Hydrangeasjpg.jpg
18-09-05 11:05:39 Error when downloading file: CBSL/DMS/Ankit/1536123963Q2hyeXNhbnRoZW11bQ3D3D.jpg => temp/60/Ankit/Chrysanthemumjpg.jpg
18-09-05 11:10:47 Error when downloading file: CBSL/DMS/PHPTEST/1536061831VHVsaXBz.jpg => temp/60/PHPTEST/Tulipsjpg.jpg
18-09-05 11:29:04 Error when downloading file: CBSL/DMS/manendra/_1.pdf => ../temp/60//1pdf.pdf
18-09-05 11:29:07 Error when downloading file: CBSL/DMS/manendra/_1.pdf => temp/60//1pdf.pdf
18-09-05 11:54:38 Error when downloading file: CBSL/DMS/../../extract-here/PurchaseIndentForm/Purchase_indent_1536127023.pdf => ../../extract-here/PurchaseIndentForm/Purchase_indent_1536127023.pdf
18-09-05 11:56:53 Error when downloading file: CBSL/DMS/../../extract-here/PurchaseIndentForm/Purchase_indent_1536127023.pdf => ../../extract-here/PurchaseIndentForm/Purchase_indent_1536127023.pdf
18-09-05 11:59:11 Error when downloading file: CBSL/DMS/../../extract-here/PurchaseIndentForm/Purchase_indent_1536127023.pdf => ../../extract-here/PurchaseIndentForm/Purchase_indent_1536127023.pdf
18-09-05 12:17:14 Error when uploading file: ../../temp/3/manendra/Purchaseindent1536127023pdf.pdf => CBSL/DMS/../../temp/3/manendra/Purchaseindent1536127023pdf.pdf
18-09-05 12:38:27 Error when uploading file: ../../temp/3/manendra/Purchaseindent1536127023.pdf => CBSL/DMS/../../temp/3/manendra/Purchaseindent1536127023.pdf
18-09-05 12:39:28 Error when uploading file: ../../temp/3/manendra/Purchaseindent1536127023.pdf => CBSL/DMS/../../temp/3/manendra/Purchaseindent1536127023.pdf
18-09-05 13:15:54 Error when uploading file: ../../extract-here/PurchaseIndentForm/Purchase_indent_1536127023_6.pdf => CBSL/DMS/PurchaseIndentForm
18-09-05 13:16:15 Error when downloading file: CBSL/DMS/PurchaseIndentForm/Purchase_indent_1536127023_6.pdf => ../temp/3/manendra/PIF6015361270226.pdf
18-09-05 13:16:32 Error when downloading file: CBSL/DMS/PurchaseIndentForm/Purchase_indent_1536127023_6.pdf => ../temp/3/manendra/PIF6015361270226.pdf
18-09-05 13:17:02 Error when uploading file: ../../extract-here/PurchaseIndentForm/Purchase_indent_1536127023_7.pdf => CBSL/DMS/PurchaseIndentForm
18-09-05 13:20:45 Error when uploading file: ../../extract-here/PurchaseIndentForm/Purchase_indent_1536127023_8.pdf => CBSL/DMS/PurchaseIndentForm
18-09-05 13:20:52 Error when downloading file: CBSL/DMS/PurchaseIndentForm/Purchase_indent_1536127023_8.pdf => ../temp/3/manendra/PIF6015361270228.pdf
18-09-05 13:20:55 Error when downloading file: CBSL/DMS/PurchaseIndentForm/Purchase_indent_1536127023_8.pdf => ../temp/3/manendra/PIF6015361270228.pdf
18-09-05 13:21:47 Error when downloading file: CBSL/DMS/PurchaseIndentForm/Purchase_indent_1536127023_8.pdf => ../temp/3/manendra/PIF6015361270228.pdf
18-09-05 13:21:54 Error when downloading file: CBSL/DMS/PurchaseIndentForm/Purchase_indent_1536127023_6.pdf => ../temp/3/manendra/PIF6015361270226.pdf
18-09-05 13:23:05 Error when uploading file: ../../extract-here/PurchaseIndentForm/Purchase_indent_1536127023_9.pdf => CBSL/DMS/PurchaseIndentForm
18-09-05 13:26:43 Error when downloading file: CBSL/DMS/PurchaseIndentForm/Purchase_indent_1536127023_9.pdf => ../temp/3/manendra/PIF6015361270229.pdf
18-09-05 13:26:55 Error when uploading file: ../../extract-here/PurchaseIndentForm/Purchase_indent_1536127023_10.pdf => CBSL/DMS/PurchaseIndentForm
18-09-05 13:27:13 Error when downloading file: CBSL/DMS/PurchaseIndentForm/Purchase_indent_1536127023_10.pdf => ../temp/3/manendra/PIF60153612702210.pdf
18-09-05 14:24:36 Error when uploading file: ../../extract-here/PurchaseIndentForm/Purchase_indent_1536127023_1.pdf => CBSL/DMS/PurchaseIndentForm
18-09-05 14:27:31 Error when uploading file: ../../extract-here/PurchaseIndentForm/Purchase_indent_1536127023_1.pdf => CBSL/DMS/PurchaseIndentForm
18-09-05 14:32:23 Error when uploading file: ../../extract-here/PurchaseIndentForm/Purchase_indent_1536127023_1.pdf => CBSL/DMS/PurchaseIndentForm
18-09-05 14:46:07 Error when uploading file: ../../extract-here/PurchaseIndentForm/Purchase_indent_1536127023_2.pdf => CBSL/DMS/PurchaseIndentForm
18-09-05 14:51:15 Error when uploading file: ../../extract-here/PurchaseIndentForm/Purchase_indent_1536127023_2.pdf => CBSL/DMS/PurchaseIndentForm
18-09-05 14:53:35 Error when uploading file: ../../extract-here/PurchaseIndentForm/Purchase_indent_1536127023_2.pdf => CBSL/DMS/PurchaseIndentForm
18-09-05 14:59:14 Error when uploading file: ../../extract-here/PurchaseIndentForm/Purchase_indent_1536127023_2.pdf => CBSL/DMS/PurchaseIndentForm
18-09-05 15:01:56 Error when uploading file: ../../extract-here/PurchaseIndentForm/Purchase_indent_1536127023_2.pdf => CBSL/DMS/PurchaseIndentForm
18-09-05 15:02:11 Error when downloading file: CBSL/DMS/PurchaseIndentForm/Purchase_indent_1536127023_6.pdf => ../temp/3/manendra/PIF6015361270226.pdf
18-09-05 15:03:35 Error when uploading file: ../../extract-here/PurchaseIndentForm/Purchase_indent_1536127023_7.pdf => CBSL/DMS/PurchaseIndentForm
18-09-05 15:12:55 Error when uploading file: ../../extract-here/PurchaseIndentForm/Purchase_indent_1536127023_8.pdf => CBSL/DMS/PurchaseIndentForm
18-09-05 15:17:55 Error when uploading file: ../../extract-here/PurchaseIndentForm/Purchase_indent_1536127023_9.pdf => CBSL/DMS/PurchaseIndentForm
18-09-05 15:17:55 Error when uploading file: ../../extract-here/PurchaseIndentForm/Purchase_indent_1536127023_8.pdf => CBSL/DMS/PurchaseIndentForm
18-09-05 16:38:04 Error when downloading file: CBSL/DMS/PurchaseIndentForm/Purchase_indent_1536127023_1.pdf => ../temp/3/manendra/PIF6015361270221.pdf
18-09-05 16:47:29 Error when downloading file: CBSL/DMS/PurchaseIndentForm/Purchase_indent_1536127023_1.pdf => ../temp/3/manendra/PIF6015361270221pdf.pdf
18-09-05 17:57:11 Error when downloading file: CBSL/DMS/../../temp/3/manendra/CashVoucher1536150245.pdf => ../../temp/3/manendra/CashVoucher1536150245.pdf
18-09-05 17:58:18 Error when downloading file: CBSL/DMS/CashVoucher/Cash Voucher_1536150245.pdf => ../temp/3/manendra/CashVoucher1536150245.pdf
18-09-05 17:58:27 Error when downloading file: CBSL/DMS/../../temp/3/manendra/CashVoucher1536150245.pdf => ../../temp/3/manendra/CashVoucher1536150245.pdf
18-09-05 18:01:06 Error when downloading file: CBSL/DMS/CashVoucher/Cash Voucher_1536150245.pdf => ../temp/3/manendra/CashVoucher1536150245.pdf
18-09-05 18:01:13 Error when downloading file: CBSL/DMS//manendra/CashVoucher1536150245.pdf => ../../temp/3/manendra/CashVoucher1536150245.pdf
18-09-05 18:02:15 Error when downloading file: CBSL/DMS/CashVoucher/Cash Voucher_1536150245.pdf => ../temp/3/manendra/CashVoucher1536150245.pdf
18-09-05 18:02:25 Error when downloading file: CBSL/DMS/CashVoucher/Cash Voucher_1536150245.pdf => ../temp/3/manendra/CashVoucher1536150245.pdf
18-09-05 18:08:51 Error when downloading file: CBSL/DMS/CashVoucher/Cash Voucher_1536150245.pdf => ../temp/3/manendra/CashVoucher1536150245.pdf
18-09-05 18:09:48 Error when downloading file: CBSL/DMS/CashVoucher/Cash Voucher_1536150245.pdf => ../temp/3/manendra/CashVoucher1536150245.pdf
18-09-05 18:16:11 Error when downloading file: CBSL/DMS/CashVoucher/Cash Voucher_1536150245.pdf => ../temp/3/manendra/CashVoucher1536150245.pdf
18-09-05 18:18:32 Error when downloading file: CBSL/DMS/CashVoucher/Cash Voucher_1536150245.pdf => ../temp/3/manendra/CashVoucher1536150245.pdf
18-09-05 18:22:19 Error when downloading file: CBSL/DMS/CashVoucher/Cash Voucher_1536150245.pdf => ../temp/3/manendra/CashVoucher1536150245.pdf
18-09-05 18:24:02 Error when downloading file: CBSL/DMS/CashVoucher/Cash Voucher_1536150245.pdf => ../temp/3/manendra/CashVoucher1536150245.pdf
18-09-05 18:30:51 Error when downloading file: CBSL/DMS/CashVoucher/Cash Voucher_1536150245.pdf => ../temp/3/manendra/CashVoucher1536150245.pdf
18-09-05 18:30:56 Error when downloading file: CBSL/DMS/CashVoucher/Cash Voucher_1536150245.pdf => ../temp/3/manendra/CashVoucher1536150245.pdf
18-09-05 18:31:04 Error when downloading file: CBSL/DMS/CashVoucher/Cash Voucher_1536150245.pdf => ../temp/3/manendra/CashVoucher1536150245.pdf
18-09-05 18:31:31 Error when downloading file: CBSL/DMS/CashVoucher/Cash Voucher_1536150245.pdf => ../temp/3/manendra/CashVoucher1536150245.pdf
18-09-05 18:31:59 Error when uploading file: ../../temp/3/manendra/CashVoucher1536150245.pdf => CBSL/DMS/../../temp/3/manendra/CashVoucher1536150245.pdf
18-09-05 18:31:59 Error when uploading file: ../../temp/3/manendra/_1.pdf => CBSL/DMS/../../temp/3/manendra/_1.pdf
18-09-05 18:32:02 Error when downloading file: CBSL/DMS/../../temp/3/manendra/_1.pdf => ../temp/3/manendra/CV6015320774941.pdf
18-09-05 18:33:10 Error when downloading file: CBSL/DMS/CashVoucher/Cash Voucher_1536150245.pdf => ../temp/3/manendra/CashVoucher1536150245.pdf
18-09-05 18:33:17 Error when downloading file: CBSL/DMS/CashVoucher/Cash Voucher_1536150245.pdf => ../temp/3/manendra/CashVoucher1536150245.pdf
18-09-05 18:33:21 Error when downloading file: CBSL/DMS/CashVoucher/Cash Voucher_1536150245.pdf => ../temp/3/manendra/CashVoucher1536150245.pdf
18-09-05 18:33:38 Error when downloading file: CBSL/DMS/CashVoucher/Cash Voucher_1536150245.pdf => ../temp/3/manendra/CashVoucher1536150245.pdf
18-09-05 18:33:45 Error when downloading file: CBSL/DMS/CashVoucher/Cash Voucher_1536150245.pdf => ../temp/3/manendra/CashVoucher1536150245.pdf
18-09-05 18:33:54 Error when downloading file: CBSL/DMS/CashVoucher/Cash Voucher_1536150245.pdf => ../temp/3/manendra/CashVoucher1536150245.pdf
18-09-05 18:36:04 Error when downloading file: CBSL/DMS/CashVoucher/Cash Voucher_1536150245.pdf => ../temp/3/manendra/CashVoucher1536150245.pdf
18-09-05 18:36:12 Error when downloading file: CBSL/DMS/CashVoucher/Cash Voucher_1536150245.pdf => ../temp/3/manendra/CashVoucher1536150245.pdf
18-09-05 18:36:17 Error when downloading file: CBSL/DMS/CashVoucher/Cash Voucher_1536150245.pdf => ../temp/3/manendra/CashVoucher1536150245.pdf
18-09-05 18:36:33 Error when downloading file: CBSL/DMS/CashVoucher/Cash Voucher_1536150245.pdf => ../temp/3/manendra/CashVoucher1536150245.pdf
18-09-05 18:39:35 Error when downloading file: CBSL/DMS/CashVoucher/Cash Voucher_1536150245.pdf => ../temp/3/manendra/CashVoucher1536150245.pdf
18-09-05 18:39:45 Error when downloading file: CBSL/DMS/CashVoucher/Cash Voucher_1536150245.pdf => ../temp/3/manendra/CashVoucher1536150245.pdf
18-09-05 18:39:57 Error when downloading file: CBSL/DMS/CashVoucher/Cash Voucher_1536150245.pdf => ../temp/3/manendra/CashVoucher1536150245.pdf
18-09-05 18:40:11 Error when downloading file: CBSL/DMS/CashVoucher/Cash Voucher_1536150245.pdf => ../temp/3/manendra/CashVoucher1536150245.pdf
18-09-05 18:42:47 Error when downloading file: CBSL/DMS/CashVoucher/Cash Voucher_1536150245.pdf => ../temp/3/manendra/CashVoucher1536150245.pdf
18-09-05 18:43:04 Error when downloading file: CBSL/DMS/CashVoucher/Cash Voucher_1536150245.pdf => ../temp/3/manendra/CashVoucher1536150245.pdf
18-09-05 18:54:31 Error when uploading file: ../../temp/3/manendra/CashVoucher1536150245.pdf => CBSL/DMS/CashVoucher/Cash Voucher_1536150245.pdf/CashVoucher1536150245.pdf
18-09-05 18:54:31 Error when uploading file: ../../temp/3/manendra/_1.pdf => CBSL/DMS/CashVoucher/Cash Voucher_1536150245.pdf/_1.pdf
18-09-05 18:54:39 Error when downloading file: CBSL/DMS/CashVoucher/Cash Voucher_1536150245.pdf/_1.pdf => ../temp/3/manendra/CV6015320774941.pdf
18-09-05 19:01:31 Error when uploading file: ../../temp/3/manendra/CashVoucher1536150245.pdf => CBSL/DMS/CashVoucher
18-09-05 19:02:53 Error when uploading file: ../../temp/3/manendra/CashVoucher1536150245.pdf => CBSL/DMS/CashVoucher
18-09-06 10:32:30 Error when downloading file: CBSL/DMS/CashVoucher/Cash Voucher_1536155013.pdf => ../temp/3//CashVoucher1536155013.pdf
18-09-06 10:46:22 Error when downloading file: CBSL/DMS/CashVoucher/Cash Voucher_1536155013.pdf => ../temp/3//CashVoucher1536155013.pdf
18-09-06 11:34:43 Error when uploading file: ../../temp/3//CashVoucher1536211584_8.pdf => CBSL/DMS/CashVoucher
18-09-06 11:34:47 Error when downloading file: CBSL/DMS/CashVoucher/CashVoucher1536211584_8.pdf => ../temp/3//CV315362115838.pdf
18-09-06 11:35:29 Error when uploading file: ../../temp/3//CashVoucher1536211584_9.pdf => CBSL/DMS/CashVoucher
18-09-06 11:35:35 Error when downloading file: CBSL/DMS/CashVoucher/CashVoucher1536211584_9.pdf => ../temp/3//CV315362115839.pdf
18-09-06 11:36:08 Error when uploading file: ../../temp/3//CashVoucher1536211584_1.pdf => CBSL/DMS/CashVoucher
18-09-06 11:36:38 Error when downloading file: CBSL/DMS/CashVoucher/CashVoucher1536211584_1.pdf => ../temp/3//CV315362115831.pdf
18-09-06 11:41:19 Error when uploading file: ../../temp/3//CashVoucher1536211584_2.pdf => CBSL/DMS/CashVoucher
18-09-06 11:41:52 Error when uploading file: ../../temp/3/CashVoucher1536211584_3.pdf => CBSL/DMS/CashVoucher
18-09-06 11:41:57 Error when downloading file: CBSL/DMS/CashVoucher/CashVoucher1536211584_3.pdf => ../temp/3/CV315362115833.pdf
18-09-06 11:42:17 Error when uploading file: ../../temp/3/CashVoucher1536211584_4.pdf => CBSL/DMS/CashVoucher
18-09-06 11:42:52 Error when downloading file: CBSL/DMS/CashVoucher/CashVoucher1536211584_4.pdf => ../temp/3/CV315362115834.pdf
18-09-06 11:46:56 Error when downloading file: CBSL/DMS/CashVoucher/Cash Voucher_1536211584.pdf => ../temp/3/CashVoucher1536211584.pdf
18-09-06 11:52:01 Error when uploading file: ../../temp/3/CV315362115836.pdf => CBSL/DMS/
18-09-06 12:03:41 Error when uploading file: ../../temp/3/CashVoucher1536211584_13.pdf => CBSL/DMS/CashVoucher
18-09-06 12:04:17 Error when downloading file: CBSL/DMS/CashVoucher/CashVoucher1536211584_13.pdf => ../temp/3/CV3153621158313.pdf
18-09-06 12:11:59 Error when uploading file: ../../temp/3/CashVoucher1536211584_14.pdf => CBSL/DMS/CashVoucher
18-09-06 12:11:59 Error when downloading file: CBSL/DMS/CashVoucher/CashVoucher1536211584_14.pdf => ../temp/3/CV3153621158314.pdf
18-09-06 12:14:30 Error when uploading file: ../../temp/3/CashVoucher1536211584_1.pdf => CBSL/DMS/CashVoucher
18-09-06 12:15:18 Error when downloading file: CBSL/DMS/CashVoucher/CashVoucher1536211584_1.pdf => ../temp/3/CV315362115831.pdf
18-09-06 12:15:22 Error when downloading file: CBSL/DMS/CashVoucher/CashVoucher1536211584_1.pdf => ../temp/3/CV315362115831.pdf
18-09-06 12:15:27 Error when downloading file: CBSL/DMS/CashVoucher/CashVoucher1536211584_1.pdf => ../temp/3/CV315362115831.pdf
18-09-06 12:19:08 Error when uploading file: ../../temp/3/CashVoucher1536211584_2.pdf => CBSL/DMS/CashVoucher
18-09-06 12:22:20 Error when downloading file: CBSL/DMS/CashVoucher/CashVoucher1536211584_2.pdf => ../temp/3/CV315362115832.pdf
18-09-06 12:47:49 Error when downloading file: CBSL/DMS/CashVoucher/CashVoucher1536211584_1.pdf => ../temp/3/CV315362115831.pdf
18-09-06 18:23:25 Error when downloading file: CBSL/DMS/PHPTEST/1536061831VHVsaXBz.jpg => temp/60/PHPTEST/Tulipsjpg.jpg
18-09-13 09:51:17 Error when downloading file: CBSL/DMS/PHPTEST/1536061831VHVsaXBz.jpg => temp/60/PHPTEST/Tulipsjpg.jpg
18-09-13 09:52:49 Error when downloading file: CBSL/DMS/PHPTEST/1536061831VHVsaXBz.jpg => temp/60/PHPTEST/Tulipsjpg.jpg
18-09-14 16:57:31 Error when downloading file: CBSL/DMS/PHPTEST/1536061831VHVsaXBz.jpg => temp/60/PHPTEST/Tulipsjpg.jpg
18-09-21 18:24:06 Error when downloading file: CBSL/DMS/VendorPo/1537534441_Chrysanthemum.jpg => temp/60/manendra/1537534441Chrysanthemumjpg.jpg
18-09-21 18:46:11 Error when downloading file: CBSL/DMS/PHPTEST/1536061831VHVsaXBz.jpg => temp/60/PHPTEST/Tulipsjpg.jpg
18-09-25 13:25:29 Error when downloading file: CBSL/DMS/VendorPo/SmVsbHlmaXNo1537861480.jpg => temp/60/manendra/Jellyfishjpg.jpg
18-09-25 13:26:55 Error when downloading file: CBSL/DMS/VendorPo/VHVsaXBz1537861539.jpg => temp/60/manendra/Tulipsjpg.jpg
18-09-25 13:30:25 Error when downloading file: CBSL/DMS/VendorPo/VHVsaXBz1537861539.jpg => temp/60/manendra/Tulipsjpg.jpg
18-09-25 16:53:20 Error when downloading file: CBSL/DMS/VendorPo/SmVsbHlmaXNo1537861480.jpg => temp/60/manendra/Jellyfishjpg.jpg
18-09-26 12:56:06 Error when downloading file: CBSL/DMS/PHPTEST/1536061831VHVsaXBz.jpg => temp/60/PHPTEST/Tulipsjpg.jpg
18-09-26 16:56:56 Error when downloading file: CBSL/DMS/PHPTEST/1536061831VHVsaXBz.jpg => temp/60/PHPTEST/Tulipsjpg.jpg
